1507710462339	geckodriver	INFO	Listening on 127.0.0.1:17281
1507710464351	geckodriver::marionette	INFO	Starting browser C:\Program Files\Mozilla Firefox\firefox.exe with args ["-marionette"]
1507710464626	addons.xpi	WARN	Error parsing extensions state: [Exception... "Component returned failure code: 0x80520012 (NS_ERROR_FILE_NOT_FOUND) [amIAddonManagerStartup.readStartupData]"  nsresult: "0x80520012 (NS_ERROR_FILE_NOT_FOUND)"  location: "JS frame :: resource://gre/modules/addons/XPIProvider.jsm :: loadExtensionState :: line 1596"  data: no] Stack trace: loadExtensionState()@resource://gre/modules/addons/XPIProvider.jsm:1596 < getInstallState()@resource://gre/modules/addons/XPIProvider.jsm:1631 < checkForChanges()@resource://gre/modules/addons/XPIProvider.jsm:3152 < startup()@resource://gre/modules/addons/XPIProvider.jsm:2246 < callProvider()@resource://gre/modules/AddonManager.jsm:271 < _startProvider()@resource://gre/modules/AddonManager.jsm:741 < startup()@resource://gre/modules/AddonManager.jsm:908 < startup()@resource://gre/modules/AddonManager.jsm:3122 < observe()@jar:file:///C:/Program%20Files/Mozilla%20Firefox/omni.ja!/components/addonManager.js:65
1507710465005	Marionette	INFO	Enabled via --marionette
Unable to read VR Path Registry from C:\Users\Tsinghua-yincheng\AppData\Local\openvr\openvrpaths.vrpath
[Parent 6624] WARNING: pipe error: 109: file c:/builds/moz2_slave/m-rel-w64-00000000000000000000/build/src/ipc/chromium/src/chrome/common/ipc_channel_win.cc, line 346
Unable to read VR Path Registry from C:\Users\Tsinghua-yincheng\AppData\Local\openvr\openvrpaths.vrpath
[Child 6632] WARNING: pipe error: 109: file c:/builds/moz2_slave/m-rel-w64-00000000000000000000/build/src/ipc/chromium/src/chrome/common/ipc_channel_win.cc, line 346
[Child 6632] WARNING: pipe error: 109: file c:/builds/moz2_slave/m-rel-w64-00000000000000000000/build/src/ipc/chromium/src/chrome/common/ipc_channel_win.cc, line 346
1507710467033	Marionette	INFO	Listening on port 17288
1507710467077	Marionette	INFO	Listening on port 17288
1507710467496	Marionette	WARN	TLS certificate errors will be ignored for this session
1507710467546	Marionette	DEBUG	loaded listener.js
1507710467584	Marionette	DEBUG	Received DOM event "beforeunload" for "about:blank"
1507710467910	Marionette	DEBUG	Received DOM event "pagehide" for "about:blank"
1507710467910	Marionette	DEBUG	Received DOM event "unload" for "about:blank"
Unable to read VR Path Registry from C:\Users\Tsinghua-yincheng\AppData\Local\openvr\openvrpaths.vrpath
JavaScript warning: http://webapi.amap.com/maps?v=1.3&key=c4746acf0aa8c8a139fae3a1a47fc9a0, line 12: Error: WebGL warning: Disallowing antialiased backbuffers due to blacklisting.
JavaScript warning: http://webapi.amap.com/maps?v=1.3&key=c4746acf0aa8c8a139fae3a1a47fc9a0, line 12: Error: WebGL warning: Failed to create WebGL context: failIfMajorPerformanceCaveat: Driver is not hardware-accelerated.
JavaScript warning: http://webapi.amap.com/maps?v=1.3&key=c4746acf0aa8c8a139fae3a1a47fc9a0, line 12: Error: WebGL warning: Disallowing antialiased backbuffers due to blacklisting.
JavaScript warning: http://webapi.amap.com/maps?v=1.3&key=c4746acf0aa8c8a139fae3a1a47fc9a0, line 12: Error: WebGL warning: Failed to create WebGL context: failIfMajorPerformanceCaveat: Driver is not hardware-accelerated.
1507710471985	Marionette	DEBUG	Received DOM event "DOMContentLoaded" for "http://sou.zhaopin.com/jobs/searchresult.ashx?jl=%E6%B7%B1%E5%9C%B3&kw=python&p=1&isadv=0"
1507710471986	Marionette	DEBUG	Received DOM event "DOMContentLoaded" for "http://sou.zhaopin.com/jobs/searchresult.ashx?jl=%E6%B7%B1%E5%9C%B3&kw=python&p=1&isadv=0"
1507710471989	Marionette	DEBUG	Received DOM event "pageshow" for "http://sou.zhaopin.com/jobs/searchresult.ashx?jl=%E6%B7%B1%E5%9C%B3&kw=python&p=1&isadv=0"
JavaScript warning: http://static.mediav.com/mv.js, line 1: unreachable code after return statement
1507710473405	Marionette	DEBUG	Received DOM event "DOMContentLoaded" for "http://ckmap.mediav.com/b?type=10&jzqs=m-196569-0"
1507710473932	Marionette	DEBUG	Received DOM event "DOMContentLoaded" for "https://3m.mediav.com/ckmap.htm#prefix=https://ckmap.mediav.com/m?thirdparty_id=1&thirdparty_cookie_id=ukrdqdbago07thn5ivla7fu494"
1507710474179	Marionette	DEBUG	Received DOM event "pageshow" for "https://3m.mediav.com/ckmap.htm#prefix=https://ckmap.mediav.com/m?thirdparty_id=1&thirdparty_cookie_id=ukrdqdbago07thn5ivla7fu494"
1507710475627	Marionette	DEBUG	Received DOM event "pageshow" for "http://ckmap.mediav.com/b?type=10&jzqs=m-196569-0"
1507710478507	Marionette	DEBUG	Received DOM event "pageshow" for "http://sou.zhaopin.com/jobs/searchresult.ashx?jl=%E6%B7%B1%E5%9C%B3&kw=python&p=1&isadv=0"
"
