1507709336393	geckodriver	INFO	Listening on 127.0.0.1:15601
1507709338409	geckodriver::marionette	INFO	Starting browser C:\Program Files\Mozilla Firefox\firefox.exe with args ["-marionette"]
1507709338732	addons.xpi	WARN	Error parsing extensions state: [Exception... "Component returned failure code: 0x80520012 (NS_ERROR_FILE_NOT_FOUND) [amIAddonManagerStartup.readStartupData]"  nsresult: "0x80520012 (NS_ERROR_FILE_NOT_FOUND)"  location: "JS frame :: resource://gre/modules/addons/XPIProvider.jsm :: loadExtensionState :: line 1596"  data: no] Stack trace: loadExtensionState()@resource://gre/modules/addons/XPIProvider.jsm:1596 < getInstallState()@resource://gre/modules/addons/XPIProvider.jsm:1631 < checkForChanges()@resource://gre/modules/addons/XPIProvider.jsm:3152 < startup()@resource://gre/modules/addons/XPIProvider.jsm:2246 < callProvider()@resource://gre/modules/AddonManager.jsm:271 < _startProvider()@resource://gre/modules/AddonManager.jsm:741 < startup()@resource://gre/modules/AddonManager.jsm:908 < startup()@resource://gre/modules/AddonManager.jsm:3122 < observe()@jar:file:///C:/Program%20Files/Mozilla%20Firefox/omni.ja!/components/addonManager.js:65
1507709339113	Marionette	INFO	Enabled via --marionette
1507709341325	Marionette	INFO	Listening on port 15610
1507709341336	Marionette	INFO	Listening on port 15610
1507709341548	Marionette	WARN	TLS certificate errors will be ignored for this session
1507709341614	Marionette	DEBUG	loaded listener.js
1507709341684	Marionette	DEBUG	Received DOM event "beforeunload" for "about:blank"
1507709341908	Marionette	DEBUG	Received DOM event "pagehide" for "about:blank"
1507709341908	Marionette	DEBUG	Received DOM event "unload" for "about:blank"
Unable to read VR Path Registry from C:\Users\Tsinghua-yincheng\AppData\Local\openvr\openvrpaths.vrpath
JavaScript warning: http://webapi.amap.com/maps?v=1.3&key=c4746acf0aa8c8a139fae3a1a47fc9a0, line 12: Error: WebGL warning: Disallowing antialiased backbuffers due to blacklisting.
JavaScript warning: http://webapi.amap.com/maps?v=1.3&key=c4746acf0aa8c8a139fae3a1a47fc9a0, line 12: Error: WebGL warning: Failed to create WebGL context: failIfMajorPerformanceCaveat: Driver is not hardware-accelerated.
JavaScript warning: http://webapi.amap.com/maps?v=1.3&key=c4746acf0aa8c8a139fae3a1a47fc9a0, line 12: Error: WebGL warning: Disallowing antialiased backbuffers due to blacklisting.
JavaScript warning: http://webapi.amap.com/maps?v=1.3&key=c4746acf0aa8c8a139fae3a1a47fc9a0, line 12: Error: WebGL warning: Failed to create WebGL context: failIfMajorPerformanceCaveat: Driver is not hardware-accelerated.
1507709347334	Marionette	DEBUG	Received DOM event "DOMContentLoaded" for "http://sou.zhaopin.com/jobs/searchresult.ashx?jl=%E6%B7%B1%E5%9C%B3&kw=python&p=1&isadv=0"
1507709347357	Marionette	DEBUG	Received DOM event "DOMContentLoaded" for "http://sou.zhaopin.com/jobs/searchresult.ashx?jl=%E6%B7%B1%E5%9C%B3&kw=python&p=1&isadv=0"
1507709347388	Marionette	DEBUG	Received DOM event "pageshow" for "http://sou.zhaopin.com/jobs/searchresult.ashx?jl=%E6%B7%B1%E5%9C%B3&kw=python&p=1&isadv=0"
JavaScript warning: http://static.mediav.com/mv.js, line 1: unreachable code after return statement
1507709348573	Marionette	DEBUG	Received DOM event "DOMContentLoaded" for "http://ckmap.mediav.com/b?type=10&jzqs=m-196569-0"
1507709349190	Marionette	DEBUG	Received DOM event "DOMContentLoaded" for "https://3m.mediav.com/ckmap.htm#prefix=https://ckmap.mediav.com/m?thirdparty_id=1&thirdparty_cookie_id=pdk482i2dor1k2kl4u3sli055k"
1507709349718	Marionette	DEBUG	Received DOM event "pageshow" for "https://3m.mediav.com/ckmap.htm#prefix=https://ckmap.mediav.com/m?thirdparty_id=1&thirdparty_cookie_id=pdk482i2dor1k2kl4u3sli055k"
1507709349970	Marionette	DEBUG	Received DOM event "pageshow" for "http://ckmap.mediav.com/b?type=10&jzqs=m-196569-0"
1507709352392	Marionette	DEBUG	Received DOM event "pageshow" for "http://sou.zhaopin.com/jobs/searchresult.ashx?jl=%E6%B7%B1%E5%9C%B3&kw=python&p=1&isadv=0"
&kw=python&p=1&isadv=0"
JavaScript warning: http://static.mediav.com/mv.js, line 1: unreachable code after return statement
1507689091720	Marionette	DEBUG	Received DOM event "DOMContentLoaded" for "http://ckmap.mediav.com/b?type=10&jzqs=m-196569-0"
1507689092144	Marionette	DEBUG	Received DOM event "DOMContentLoaded" for "https://3m.mediav.com/ckmap.htm#prefix=https://ckmap.mediav.com/m?thirdparty_id=1&thirdparty_cookie_id=2s0fmdql83a21778i6tqc3q4fk"
1507689092365	Marionette	DEBUG	Received DOM event "pageshow" for "https://3m.mediav.com/ckmap.htm#prefix=https://ckmap.mediav.com/m?thirdparty_id=1&thirdparty_cookie_id=2s0fmdql83a21778i6tqc3q4fk"
1507689094927	Marionette	DEBUG	Received DOM event "pageshow" for "http://ckmap.mediav.com/b?type=10&jzqs=m-196569-0"
1507689094941	Marionette	DEBUG	Received DOM event "pageshow" for "http://sou.zhaopin.com/jobs/searchresult.ashx?jl=%E6%B7%B1%E5%9C%B3&kw=python&p=1&isadv=0"
haopin.com/jobs/searchresult.ashx?jl=%E6%B7%B1%E5%9C%B3&kw=python&p=1&isadv=0"
