1507801732025	geckodriver	INFO	Listening on 127.0.0.1:62195
1507801734046	geckodriver::marionette	INFO	Starting browser C:\Program Files\Mozilla Firefox\firefox.exe with args ["-marionette"]
1507801734489	addons.xpi	WARN	Error parsing extensions state: [Exception... "Component returned failure code: 0x80520012 (NS_ERROR_FILE_NOT_FOUND) [amIAddonManagerStartup.readStartupData]"  nsresult: "0x80520012 (NS_ERROR_FILE_NOT_FOUND)"  location: "JS frame :: resource://gre/modules/addons/XPIProvider.jsm :: loadExtensionState :: line 1596"  data: no] Stack trace: loadExtensionState()@resource://gre/modules/addons/XPIProvider.jsm:1596 < getInstallState()@resource://gre/modules/addons/XPIProvider.jsm:1631 < checkForChanges()@resource://gre/modules/addons/XPIProvider.jsm:3152 < startup()@resource://gre/modules/addons/XPIProvider.jsm:2246 < callProvider()@resource://gre/modules/AddonManager.jsm:271 < _startProvider()@resource://gre/modules/AddonManager.jsm:741 < startup()@resource://gre/modules/AddonManager.jsm:908 < startup()@resource://gre/modules/AddonManager.jsm:3122 < observe()@jar:file:///C:/Program%20Files/Mozilla%20Firefox/omni.ja!/components/addonManager.js:65
1507801734913	Marionette	INFO	Enabled via --marionette
Unable to read VR Path Registry from C:\Users\Tsinghua-yincheng\AppData\Local\openvr\openvrpaths.vrpath
[Child 8072] WARNING: pipe error: 109: file c:/builds/moz2_slave/m-rel-w64-00000000000000000000/build/src/ipc/chromium/src/chrome/common/ipc_channel_win.cc, line 346
[Child 8072] WARNING: pipe error: 109: file c:/builds/moz2_slave/m-rel-w64-00000000000000000000/build/src/ipc/chromium/src/chrome/common/ipc_channel_win.cc, line 346
1507801736962	Marionette	INFO	Listening on port 62209
1507801737000	Marionette	INFO	Listening on port 62209
1507801737170	Marionette	WARN	TLS certificate errors will be ignored for this session
1507801737215	Marionette	DEBUG	loaded listener.js
1507801737253	Marionette	DEBUG	Received DOM event "beforeunload" for "about:blank"
1507801737610	Marionette	DEBUG	Received DOM event "pagehide" for "about:blank"
1507801737611	Marionette	DEBUG	Received DOM event "unload" for "about:blank"
1507801738188	Marionette	DEBUG	Received DOM event "DOMContentLoaded" for "https://job.alibaba.com/zhaopin/positionList.htm?keyWord=cHl0aG9u&_input_charset=UTF-8"
1507801751182	Marionette	DEBUG	Received DOM event "pageshow" for "https://job.alibaba.com/zhaopin/positionList.htm?keyWord=cHl0aG9u&_input_charset=UTF-8"
Unable to read VR Path Registry from C:\Users\Tsinghua-yincheng\AppData\Local\openvr\openvrpaths.vrpath
JavaScript warning: https://job.alibaba.com/assets/zhaopin/js/lib/jscalendar/My97DatePicker.html, line 28: unreachable code after return statement
JavaScript warning: https://job.alibaba.com/assets/zhaopin/js/lib/jscalendar/My97DatePicker.html, line 28: unreachable code after return statement
1507801756351	Marionette	DEBUG	Received DOM event "hashchange" for "https://job.alibaba.com/zhaopin/positionList.htm?keyWord=cHl0aG9u&_input_charset=UTF-8#page/2"
Unable to read VR Path Registry from C:\Users\Tsinghua-yincheng\AppData\Local\openvr\openvrpaths.vrpath
[Parent 4684] WARNING: pipe error: 109: file c:/builds/moz2_slave/m-rel-w64-00000000000000000000/build/src/ipc/chromium/src/chrome/common/ipc_channel_win.cc, line 346
[Child 4512] WARNING: pipe error: 109: file c:/builds/moz2_slave/m-rel-w64-00000000000000000000/build/src/ipc/chromium/src/chrome/common/ipc_channel_win.cc, line 346
1507801781372	geckodriver::marionette	ERROR	Failed to kill browser process
api_login&redirect_uri=https://passport.csdn.net/account/weixin?qr=true&state=csdn&login_type=jssdk&self_redirect=default&style=white&href=https://passport.csdn.net/css/replace-wx-style.css"
1507800882402	Marionette	DEBUG	Received DOM event "pageshow" for "https://passport.csdn.net/account/login?from=http://my.csdn.net/my/mycsdn"
JavaScript warning: http://my.csdn.net/assets2/js/libs/jquery-1.9.0.min.js, line 4: Using //@ to indicate sourceMappingURL pragmas is deprecated. Use //# instead
JavaScript warning: http://csdnimg.cn/rabbit/exposure-click/main.js?20170802001, line 500: unreachable code after return statement
JavaScript warning: http://csdnimg.cn/rabbit/exposure-click/main.js?20170802001, line 500: unreachable code after return statement
